2023-12-10 12:45:35 - GET / HTTP/1.1
2023-12-10 12:46:42 - PUT /test.php HTTP/1.1
2023-12-10 12:47:53 - GET / HTTP/1.1
2023-12-10 12:49:10 - PUT /test.php HTTP/1.1
2023-12-10 12:49:45 - GET / HTTP/1.1
2023-12-10 12:50:35 - GET /favicon.ico HTTP/1.1
2023-12-10 12:51:49 - PUT /test.php HTTP/1.1
2023-12-10 12:52:41 - GET / HTTP/1.1
2023-12-10 12:53:15 - GET /favicon.ico HTTP/1.1
2023-12-10 12:54:05 - GET /test.php HTTP/1.1
2023-12-10 12:54:50 - GET / HTTP/1.1
2023-12-10 12:55:58 - GET /get_request.txt HTTP/1.1
2023-12-10 12:56:32 - GET /data.php HTTP/1.1
2023-12-10 12:57:48 - GET / HTTP/1.1
2023-12-10 12:58:18 - GET / HTTP/1.1
2023-12-10 12:59:18 - GET /?path=data.txt HTTP/1.1
2023-12-10 13:00:22 - GET /?path=data.txt HTTP/1.1
2023-12-10 13:01:24 - GET /?path=data.txt HTTP/1.1
2023-12-10 13:02:06 - GET / HTTP/1.1
2023-12-10 13:03:18 - GET / HTTP/1.1
2023-12-10 13:04:31 - GET / HTTP/1.1
2023-12-10 13:05:06 - GET /data.txt HTTP/1.1
2023-12-10 13:05:59 - GET /code/data.txt HTTP/1.1
2023-12-10 13:07:22 - GET /code/data.txt HTTP/1.1
2023-12-10 13:07:55 - GET /?path=test.php HTTP/1.1
2023-12-10 13:08:46 - GET /test.php HTTP/1.1
2023-12-10 13:09:54 - GET /test.php HTTP/1.1
2023-12-10 13:11:10 - GET /test.php HTTP/1.1
2023-12-10 13:12:08 - GET /test.php HTTP/1.1
2023-12-10 13:12:55 - GET /test.php HTTP/1.1
2023-12-10 13:14:24 - GET /test.php HTTP/1.1
2023-12-10 13:15:11 - GET / HTTP/1.1
2023-12-10 13:15:43 - GET / HTTP/1.1
2023-12-10 13:16:54 - GET / HTTP/1.1
2023-12-10 13:17:34 - GET / HTTP/1.1
2023-12-10 13:18:12 - GET / HTTP/1.1
2023-12-10 13:18:49 - GET / HTTP/1.1
2023-12-10 13:19:27 - GET /test.php HTTP/1.1
2023-12-10 13:20:53 - GET / HTTP/1.1
2023-12-10 13:21:58 - GET / HTTP/1.1
2023-12-10 13:22:42 - GET / HTTP/1.1
2023-12-10 13:24:12 - GET / HTTP/1.1
2023-12-10 13:24:50 - GET / HTTP/1.1
2023-12-10 13:26:14 - GET / HTTP/1.1
2023-12-10 13:26:49 - GET / HTTP/1.1
2023-12-10 13:28:13 - GET / HTTP/1.1
2023-12-10 13:28:56 - GET / HTTP/1.1
2023-12-10 13:29:49 - GET / HTTP/1.1
2023-12-10 13:31:00 - GET / HTTP/1.1
2023-12-10 13:32:04 - GET / HTTP/1.1
2023-12-10 13:32:39 - GET / HTTP/1.1
2023-12-10 13:33:48 - GET / HTTP/1.1
2023-12-10 13:35:15 - GET / HTTP/1.1
2023-12-10 13:36:32 - GET / HTTP/1.1
2023-12-10 13:37:45 - GET / HTTP/1.1
2023-12-10 13:39:07 - GET / HTTP/1.1
2023-12-10 13:39:44 - GET / HTTP/1.1
2023-12-10 13:40:53 - GET / HTTP/1.1
2023-12-10 13:42:04 - GET / HTTP/1.1
2023-12-10 13:43:23 - GET / HTTP/1.1
2023-12-10 13:43:58 - GET / HTTP/1.1
2023-12-10 13:44:58 - GET / HTTP/1.1
2023-12-10 13:46:21 - GET / HTTP/1.1
2023-12-10 13:46:57 - GET / HTTP/1.1
2023-12-10 13:47:47 - GET / HTTP/1.1
2023-12-10 13:48:36 - GET / HTTP/1.1
2023-12-10 13:49:34 - GET / HTTP/1.1
2023-12-10 13:51:01 - GET / HTTP/1.1
2023-12-10 13:51:33 - GET / HTTP/1.1
2023-12-10 13:52:56 - GET / HTTP/1.1
2023-12-10 13:53:37 - GET / HTTP/1.1
2023-12-10 13:54:37 - GET / HTTP/1.1
2023-12-10 13:56:03 - GET / HTTP/1.1
2023-12-10 13:57:13 - GET / HTTP/1.1
2023-12-10 13:58:32 - GET / HTTP/1.1
2023-12-10 13:59:12 - GET / HTTP/1.1
2023-12-10 14:00:22 - GET / HTTP/1.1
2023-12-10 14:01:15 - GET / HTTP/1.1
2023-12-10 14:02:21 - GET / HTTP/1.1
2023-12-10 14:03:38 - GET / HTTP/1.1
2023-12-10 14:04:14 - GET / HTTP/1.1
2023-12-10 14:05:04 - GET / HTTP/1.1
2023-12-10 14:05:46 - GET / HTTP/1.1
2023-12-10 14:06:53 - GET / HTTP/1.0
2023-12-10 14:07:24 - GET / HTTP/1.1
2023-12-10 14:08:14 - GET / HTTP/1.1
2023-12-10 14:09:01 - GET / HTTP/1.1
2023-12-10 14:10:11 - GET / HTTP/1.1
2023-12-10 14:10:43 - GET / HTTP/1.1
2023-12-10 14:11:48 - GET / HTTP/1.1
2023-12-10 14:12:57 - GET / HTTP/1.1
2023-12-10 14:13:34 - GET /test.php HTTP/1.1
2023-12-10 14:14:17 - GET /favicon.ico HTTP/1.1
2023-12-10 14:15:13 - POST / HTTP/1.1
2023-12-10 14:15:48 - GET / HTTP/1.1
2023-12-10 14:16:58 - GET / HTTP/1.1
2023-12-10 14:18:04 - POST / HTTP/1.1
2023-12-10 14:18:51 - PATCH / HTTP/1.1
2023-12-10 14:19:28 - PATCH / HTTP/1.1
2023-12-10 14:20:58 - GET / HTTP/1.1
2023-12-10 14:21:42 - GET / HTTP/1.1
2023-12-10 14:22:27 - GET / HTTP/1.1
2023-12-10 14:23:17 - POST / HTTP/1.1
2023-12-10 14:24:30 - GET / HTTP/1.1
2023-12-10 14:25:39 - GET / HTTP/1.1
2023-12-10 14:26:13 - GET / HTTP/1.1
2023-12-10 14:27:04 - GET / HTTP/1.1
2023-12-10 14:27:45 - GET / HTTP/1.1
2023-12-10 14:29:09 - GET / HTTP/1.1
2023-12-10 14:30:30 - GET / HTTP/1.1
2023-12-10 14:31:26 - GET / HTTP/1.1
2023-12-10 14:32:42 - GET / HTTP/1.1
2023-12-10 14:33:48 - GET / HTTP/1.1
2023-12-10 14:34:40 - GET / HTTP/1.1
2023-12-10 14:35:41 - POST / HTTP/1.1
2023-12-10 14:36:12 - POST /test.php HTTP/1.1
2023-12-10 14:37:21 - POST / HTTP/1.1
2023-12-10 14:38:43 - POST /test.php HTTP/1.1
2023-12-10 14:39:28 - POST /test.php HTTP/1.1
2023-12-10 14:40:51 - GET /test.php HTTP/1.1
2023-12-10 14:42:20 - POST /test.php HTTP/1.1
2023-12-10 14:43:19 - POST /test.php HTTP/1.1
2023-12-10 14:44:37 - POST /test.php HTTP/1.1
2023-12-10 14:45:57 - POST /test.php HTTP/1.1
2023-12-10 14:47:05 - POST / HTTP/1.1
2023-12-10 14:47:57 - PATCH / HTTP/1.1
2023-12-10 14:48:38 - GET / HTTP/1.1
2023-12-10 14:49:34 - POST / HTTP/1.1
2023-12-10 14:50:04 - POST /test.php HTTP/1.1
2023-12-10 14:51:08 - GET / HTTP/1.1
2023-12-10 14:51:48 - POST / HTTP/1.1
2023-12-10 14:52:32 - POST /test.php HTTP/1.1
2023-12-10 14:53:18 - POST / HTTP/1.1
2023-12-10 14:54:04 - POST /test.php HTTP/1.1
2023-12-10 14:55:00 - POST /test.php HTTP/1.1
2023-12-10 14:56:14 - POST /test.php HTTP/1.1
2023-12-10 14:56:46 - POST /test.php HTTP/1.1
2023-12-10 14:57:25 - POST /test.php HTTP/1.1
2023-12-10 14:58:37 - POST /test.php HTTP/1.1
2023-12-10 15:00:05 - GET /test.php HTTP/1.1
2023-12-10 15:00:42 - GET /favicon.ico HTTP/1.1
2023-12-10 15:01:46 - GET /test.php HTTP/1.1
2023-12-10 15:03:04 - GET /test.php HTTP/1.1
2023-12-10 15:04:06 - GET /test.php HTTP/1.1
2023-12-10 15:05:10 - GET / HTTP/1.1
2023-12-10 15:06:20 - GET /test.php HTTP/1.1
2023-12-10 15:06:51 - GET /test.php HTTP/1.1
2023-12-10 15:07:57 - GET /test.php HTTP/1.1
2023-12-10 15:08:38 - GET /favicon.ico HTTP/1.1
2023-12-10 15:09:36 - GET /test.php HTTP/1.1
2023-12-10 15:10:50 - GET / HTTP/1.1
2023-12-10 15:11:50 - POST /test.php HTTP/1.1
2023-12-10 15:12:47 - GET /test.php HTTP/1.1
2023-12-10 15:13:26 - POST /test.php HTTP/1.1
2023-12-10 15:14:42 - GET /test.php HTTP/1.1
2023-12-10 15:16:12 - POST /test.php HTTP/1.1
2023-12-10 15:16:56 - POST /test.php HTTP/1.1
2023-12-10 15:18:14 - POST /test.php HTTP/1.1
2023-12-10 15:19:23 - POST /test.php HTTP/1.1
2023-12-10 15:20:31 - POST /test.php HTTP/1.1
2023-12-10 15:21:53 - POST /test.php HTTP/1.1
2023-12-10 15:22:40 - POST /test.php HTTP/1.1
2023-12-10 15:23:33 - POST /test.php HTTP/1.1
2023-12-10 15:24:26 - POST / HTTP/1.1
2023-12-10 15:25:21 - GET / HTTP/1.1
2023-12-10 15:26:03 - GET / HTTP/1.1
2023-12-10 15:26:38 - POST /test.php HTTP/1.1
2023-12-10 15:28:02 - GET /test.php HTTP/1.1
2023-12-10 15:29:11 - GET /test.php HTTP/1.1
2023-12-10 15:30:27 - GET /test.php HTTP/1.1
2023-12-10 15:31:07 - GET /test.php HTTP/1.1
2023-12-10 15:31:46 - GET /test.php HTTP/1.1
2023-12-10 15:32:32 - GET /test.php HTTP/1.1
2023-12-10 15:33:52 - GET /test.php HTTP/1.1
2023-12-10 15:35:15 - POST /test.php HTTP/1.1
2023-12-10 15:36:39 - POST / HTTP/1.1
2023-12-10 15:37:30 - GET / HTTP/1.1
2023-12-10 15:38:55 - GET / HTTP/1.1
2023-12-10 15:39:28 - POST /test.php HTTP/1.1
2023-12-10 15:40:46 - POST /test.php HTTP/1.1
2023-12-10 15:41:36 - POST /test.php HTTP/1.1
2023-12-10 15:42:58 - GET / HTTP/1.1
2023-12-10 15:43:39 - POST / HTTP/1.1
2023-12-10 15:44:15 - POST / HTTP/1.1
2023-12-10 15:44:54 - POST / HTTP/1.1
2023-12-10 15:45:29 - POST / HTTP/1.1
2023-12-10 15:46:26 - POST /test.php HTTP/1.1
2023-12-10 15:47:29 - POST /test.php HTTP/1.1
2023-12-10 15:48:26 - POST /test.php HTTP/1.1
2023-12-10 15:48:58 - POST /test.php HTTP/1.1
2023-12-10 15:49:37 - POST / HTTP/1.1
2023-12-10 15:51:05 - POST /test.php HTTP/1.1
2023-12-10 15:51:44 - POST /test.php HTTP/1.1
2023-12-10 15:52:31 - POST /test.php HTTP/1.1
2023-12-10 15:53:41 - POST /test.php HTTP/1.1
2023-12-10 15:54:45 - GET /bad_request.txt HTTP/1.1
2023-12-10 15:55:57 - GET /bad_request.txt HTTP/1.1
2023-12-10 15:56:43 - GET /test.php/bad_request.txt HTTP/1.1
2023-12-10 15:57:44 - GET /test.php HTTP/1.1
2023-12-10 15:59:06 - GET /test.php HTTP/1.1
2023-12-10 16:00:06 - POST /test.php HTTP/1.1
2023-12-10 16:01:25 - POST /test.php HTTP/1.1
2023-12-10 16:02:27 - GET /test.php HTTP/1.1
2023-12-10 16:03:24 - POST /test.php HTTP/1.1
2023-12-10 16:03:57 - GET /pos_data.json HTTP/1.1
2023-12-10 16:04:44 - POST /posttest.php HTTP/1.1
2023-12-10 16:05:30 - POST /posttest.php HTTP/1.1
2023-12-10 16:06:15 - POST / HTTP/1.1
2023-12-10 16:06:45 - GET /test.php HTTP/1.1
2023-12-10 16:07:51 - POST /test.php HTTP/1.1
2023-12-10 16:08:52 - POST /test.php HTTP/1.1
2023-12-10 16:09:57 - POST /test.php HTTP/1.1
2023-12-10 16:10:55 - POST /test.php HTTP/1.1
2023-12-10 16:12:00 - PUT /test.php HTTP/1.1
2023-12-10 16:12:56 - PUT /test.php HTTP/1.1
2023-12-10 16:14:18 - GET /pos_data.json HTTP/1.1
2023-12-10 16:15:43 - GET /test.php HTTP/1.1
2023-12-10 16:17:10 - POST /test_post.php HTTP/1.1
2023-12-10 16:17:54 - POST /test_post.php HTTP/1.1
2023-12-10 16:18:50 - GET / HTTP/1.1
2023-12-10 16:19:20 - POST /test.php HTTP/1.1
2023-12-10 16:20:48 - POST /test_post.php HTTP/1.1
2023-12-10 16:22:01 - POST /test.php HTTP/1.1
2023-12-10 16:23:06 - POST /test_post.php HTTP/1.1
2023-12-10 16:24:03 - POST /test_post.php HTTP/1.1
2023-12-10 16:25:25 - POST /test.php HTTP/1.1
2023-12-10 16:26:39 - GET / HTTP/1.1
2023-12-10 16:27:11 - DELETE /test_delete.php?id=1 HTTP/1.1
2023-12-10 16:28:29 - POST /test_post.php HTTP/1.1
2023-12-10 16:29:15 - PUT /test_put.php HTTP/1.1
2023-12-10 16:30:41 - DELETE /test_delete.php?id=1 HTTP/1.1
2023-12-10 16:31:15 - GET / HTTP/1.1
2023-12-10 16:32:13 - DELETE /test_delete.php?id=1 HTTP/1.1
2023-12-10 16:32:44 - GET / HTTP/1.1
2023-12-10 16:33:29 - DELETE /test_delete.php?id=1 HTTP/1.1
2023-12-10 16:34:54 - GET / HTTP/1.1
2023-12-10 16:35:51 - DELETE /test_delete.php?id=1 HTTP/1.1
2023-12-10 16:37:13 - POST /test_post.php HTTP/1.1
2023-12-10 16:38:33 - POST /test_post.php HTTP/1.1
2023-12-10 16:39:12 - POST /test_post.php HTTP/1.1
2023-12-10 16:40:25 - POST /test_post.php HTTP/1.1
2023-12-10 16:41:34 - POST /test_post.php HTTP/1.1
2023-12-10 16:42:10 - POST /test_post.php HTTP/1.1
2023-12-10 16:43:33 - POST /test_post.php HTTP/1.1
2023-12-10 16:44:07 - GET / HTTP/1.1
2023-12-10 16:45:08 - GET /test_get.php HTTP/1.1
2023-12-10 16:45:57 - GET /test_post.php HTTP/1.1
2023-12-10 16:46:44 - GET /test_put.php HTTP/1.1
2023-12-10 16:47:54 - POST /test_post.php HTTP/1.1
2023-12-10 16:48:27 - POST /test_post.php HTTP/1.1
2023-12-10 16:49:03 - GET /test_put.php HTTP/1.1
2023-12-10 16:49:47 - GET / HTTP/1.1
[2023-12-09 20:02:07.767939] GET / HTTP/1.1
[2023-12-09 20:02:08.224473] GET /favicon.ico HTTP/1.1
[2023-12-09 20:02:15.025817] GET /get.php HTTP/1.1
[2023-12-09 20:06:27.852492] GET /get.php HTTP/1.1
[2023-12-09 20:06:32.770036] GET /get.php HTTP/1.1
[2023-12-09 20:08:00.470991] GET /get.php HTTP/1.1
[2023-12-09 20:08:09.436124] GET /get.php HTTP/1.1
[2023-12-09 20:08:09.796823] GET /favicon.ico HTTP/1.1
[2023-12-09 20:08:20.499067] GET /get.php HTTP/1.1
[2023-12-09 20:08:21.923442] GET /get.php HTTP/1.1
[2023-12-09 20:13:27.129405] GET /get.php HTTP/1.1
[2023-12-09 20:13:33.171367] GET /post.php HTTP/1.1
[2023-12-09 20:14:45.603667] GET /get.php HTTP/1.1
[2023-12-09 20:16:27.392875] GET /get.php HTTP/1.1
[2023-12-09 20:16:53.048501] GET /index.html HTTP/1.1
[2023-12-09 20:18:42.265660] GET /index.html HTTP/1.1
