2023-12-10 12:45:59 - GET / HTTP/1.1
2023-12-10 12:47:10 - GET /test.php HTTP/1.1
2023-12-10 12:48:14 - POST /test.php HTTP/1.1
2023-12-10 12:49:33 - GET / HTTP/1.1
2023-12-10 12:50:20 - POST /test.php HTTP/1.1
2023-04-27 02:27:30 - POST /test.php HTTP/1.1
2023-04-27 02:28:18 - GET /test.php HTTP/1.1
2023-04-27 02:33:09 - GET / HTTP/1.1
2023-04-27 02:33:20 - GET /test.php HTTP/1.1
2023-04-27 02:36:54 - GET / HTTP/1.1
2023-04-27 02:37:01 - GET /test.php HTTP/1.1
2023-04-27 02:43:10 - GET / HTTP/1.1
2023-04-27 02:43:33 - GET /test.php HTTP/1.1
2023-04-27 02:43:58 - POST /test.php HTTP/1.1
2023-04-27 02:44:17 - PUT /test.php HTTP/1.1
2023-04-27 02:44:29 - GET / HTTP/1.1
2023-04-27 02:44:45 - DELETE /test.php HTTP/1.1
2023-04-27 02:53:44 - DELETE /test.php HTTP/1.1
2023-04-27 02:54:04 - GET / HTTP/1.1
2023-04-27 02:54:15 - PUT /test.php HTTP/1.1
2023-04-27 02:59:47 - GET / HTTP/1.1
2023-04-27 02:59:55 - PUT /test.php HTTP/1.1
2023-04-27 03:03:57 - GET / HTTP/1.1
2023-04-27 03:04:05 - GET /favicon.ico HTTP/1.1
2023-04-27 03:04:19 - PUT /test.php HTTP/1.1
2023-04-27 03:10:50 - GET / HTTP/1.1
2023-04-27 03:10:58 - GET /favicon.ico HTTP/1.1
2023-04-27 03:11:19 - GET /test.php HTTP/1.1
2023-04-27 03:15:36 - GET / HTTP/1.1
2023-04-27 03:45:38 - GET /get_request.txt HTTP/1.1
2023-04-27 20:24:44 - GET /data.php HTTP/1.1
2023-04-27 20:25:04 - GET / HTTP/1.1
2023-04-27 22:47:09 - GET / HTTP/1.1
2023-04-27 22:53:45 - GET /?path=data.txt HTTP/1.1
2023-04-27 22:55:41 - GET /?path=data.txt HTTP/1.1
2023-04-27 22:55:53 - GET /?path=data.txt HTTP/1.1
2023-04-27 22:56:01 - GET / HTTP/1.1
2023-04-27 23:56:44 - GET / HTTP/1.1
2023-04-27 23:56:47 - GET / HTTP/1.1
2023-04-27 23:58:33 - GET /data.txt HTTP/1.1
2023-04-28 00:00:38 - GET /code/data.txt HTTP/1.1
2023-04-28 00:01:06 - GET /code/data.txt HTTP/1.1
2023-04-28 00:02:25 - GET /home/rahul/Downloads/web-server-rahul-main/code/data.txt HTTP/1.1
2023-04-28 00:09:29 - GET /?path=test.php HTTP/1.1
2023-04-28 00:09:46 - GET /test.php HTTP/1.1
2023-04-28 00:14:15 - GET /test.php HTTP/1.1
2023-04-28 00:16:11 - GET /test.php HTTP/1.1
2023-04-28 00:16:47 - GET /test.php HTTP/1.1
2023-04-28 00:17:50 - GET /test.php HTTP/1.1
2023-04-28 00:18:47 - GET /test.php HTTP/1.1
2023-04-28 00:20:43 - GET / HTTP/1.1
2023-04-28 00:21:10 - GET / HTTP/1.1
2023-04-28 00:22:23 - GET / HTTP/1.1
2023-04-28 00:23:09 - GET / HTTP/1.1
2023-04-28 00:23:51 - GET / HTTP/1.1
2023-04-28 00:26:07 - GET / HTTP/1.1
2023-04-28 00:33:37 - GET /test.php HTTP/1.1
2023-04-28 00:35:04 - GET / HTTP/1.1
2023-04-28 00:36:27 - GET / HTTP/1.1
2023-04-28 00:37:35 - GET / HTTP/1.1
2023-04-28 00:40:49 - GET / HTTP/1.1
2023-04-28 00:42:35 - GET / HTTP/1.1
2023-04-28 00:43:45 - GET / HTTP/1.1
2023-04-28 00:55:07 - GET / HTTP/1.1
2023-04-28 00:59:14 - GET / HTTP/1.1
2023-04-28 01:00:43 - GET / HTTP/1.1
2023-04-28 01:02:54 - GET / HTTP/1.1
2023-04-28 01:04:51 - GET / HTTP/1.1
2023-04-28 01:07:25 - GET / HTTP/1.1
2023-04-28 01:10:58 - GET / HTTP/1.1
2023-04-28 01:14:52 - GET / HTTP/1.1
2023-04-28 01:15:11 - GET / HTTP/1.1
2023-04-28 01:15:33 - GET / HTTP/1.1
2023-04-28 01:17:12 - GET / HTTP/1.1
2023-04-28 01:18:21 - GET / HTTP/1.1
2023-04-28 01:20:23 - GET / HTTP/1.1
2023-04-28 01:20:57 - GET / HTTP/1.1
2023-04-28 01:21:52 - GET / HTTP/1.1
2023-04-28 01:22:53 - GET / HTTP/1.1
2023-04-28 01:23:31 - GET / HTTP/1.1
2023-04-28 01:24:14 - GET / HTTP/1.1
2023-04-28 01:26:01 - GET / HTTP/1.1
2023-04-28 01:34:57 - GET / HTTP/1.1
2023-04-28 01:41:51 - GET / HTTP/1.1
2023-04-28 01:43:47 - GET / HTTP/1.1
2023-04-28 01:46:19 - GET / HTTP/1.1
2023-04-28 01:50:46 - GET / HTTP/1.1
2023-04-28 01:51:27 - GET / HTTP/1.1
2023-04-28 01:52:37 - GET / HTTP/1.1
2023-04-28 01:53:15 - GET / HTTP/1.1
2023-04-28 01:53:43 - GET / HTTP/1.1
2023-04-28 01:54:22 - GET / HTTP/1.1
2023-04-28 02:00:41 - GET / HTTP/1.1
2023-04-28 02:01:04 - GET / HTTP/1.1
2023-04-28 02:01:48 - GET / HTTP/1.1
2023-04-28 02:02:24 - GET / HTTP/1.1
2023-04-28 02:03:04 - GET / HTTP/1.1
2023-04-28 02:06:32 - GET / HTTP/1.1
2023-04-28 02:07:20 - GET / HTTP/1.1
2023-04-28 02:07:38 - GET / HTTP/1.1
2023-04-28 02:13:42 - GET / HTTP/1.1
2023-04-28 02:14:30 - GET / HTTP/1.1
2023-04-28 02:14:41 - GET / HTTP/1.0
2023-04-28 02:15:27 - GET / HTTP/1.1
2023-04-28 02:39:39 - GET / HTTP/1.1
2023-04-28 02:40:34 - GET / HTTP/1.1
2023-04-28 02:41:20 - GET / HTTP/1.1
2023-04-28 02:50:37 - GET / HTTP/1.1
2023-04-28 02:53:12 - GET / HTTP/1.1
2023-04-28 02:53:45 - GET / HTTP/1.1
2023-04-28 02:55:22 - GET /test.php HTTP/1.1
2023-04-28 02:55:22 - GET /favicon.ico HTTP/1.1
2023-04-28 02:57:35 - POST / HTTP/1.1
2023-04-28 02:57:43 - GET / HTTP/1.1
2023-04-28 03:32:54 - GET / HTTP/1.1
2023-04-28 03:34:22 - POST / HTTP/1.1
2023-04-28 03:34:59 - PATCH / HTTP/1.1
2023-04-28 03:36:27 - PATCH / HTTP/1.1
2023-04-28 03:37:08 - GET / HTTP/1.1
2023-04-28 03:37:50 - GET / HTTP/1.1
2023-04-28 03:38:44 - GET / HTTP/1.1
2023-04-28 03:39:07 - POST / HTTP/1.1
2023-04-28 03:54:44 - GET / HTTP/1.1
2023-04-28 03:56:14 - GET / HTTP/1.1
2023-04-28 03:57:11 - GET / HTTP/1.1
2023-04-28 03:57:26 - GET / HTTP/1.1
2023-04-28 03:57:59 - GET / HTTP/1.1
2023-04-28 04:00:42 - GET / HTTP/1.1
2023-04-28 04:01:03 - GET / HTTP/1.1
2023-04-28 04:03:30 - GET / HTTP/1.1
2023-04-28 04:05:25 - GET / HTTP/1.1
2023-04-28 04:08:28 - GET / HTTP/1.1
2023-04-28 04:15:27 - GET / HTTP/1.1
2023-04-28 04:35:04 - POST / HTTP/1.1
2023-04-28 04:43:10 - POST /test.php HTTP/1.1
2023-04-28 04:45:07 - POST / HTTP/1.1
2023-04-28 04:45:16 - POST /test.php HTTP/1.1
2023-04-28 04:50:39 - POST /test.php HTTP/1.1
2023-04-28 04:52:04 - GET /test.php HTTP/1.1
2023-04-28 05:01:27 - POST /test.php HTTP/1.1
2023-04-28 05:04:11 - POST /test.php HTTP/1.1
2023-04-28 05:10:41 - POST /test.php HTTP/1.1
2023-04-28 09:17:40 - POST /test.php HTTP/1.1
2023-04-28 09:20:32 - POST / HTTP/1.1
2023-04-28 09:21:21 - PATCH / HTTP/1.1
2023-04-28 09:21:49 - GET / HTTP/1.1
2023-04-28 09:39:00 - POST / HTTP/1.1
2023-04-28 09:39:16 - POST /test.php HTTP/1.1
2023-04-28 09:40:16 - GET / HTTP/1.1
2023-04-28 09:40:32 - POST / HTTP/1.1
2023-04-28 09:41:12 - POST /test.php HTTP/1.1
2023-04-28 09:44:23 - POST / HTTP/1.1
2023-04-28 09:44:32 - POST /test.php HTTP/1.1
2023-04-28 09:47:22 - POST /test.php HTTP/1.1
2023-04-28 09:47:38 - POST /test.php HTTP/1.1
2023-04-28 09:50:07 - POST /test.php HTTP/1.1
2023-04-28 09:52:09 - POST /test.php HTTP/1.1
2023-04-28 10:09:11 - POST /test.php HTTP/1.1
2023-04-28 10:09:25 - GET /test.php HTTP/1.1
2023-04-28 10:09:25 - GET /favicon.ico HTTP/1.1
2023-04-28 10:09:40 - GET /test.php HTTP/1.1
2023-04-28 10:09:41 - GET /test.php HTTP/1.1
2023-04-28 10:11:59 - GET /test.php HTTP/1.1
2023-04-28 10:12:15 - GET / HTTP/1.1
2023-04-28 10:12:19 - GET /test.php HTTP/1.1
2023-04-28 10:12:20 - GET /test.php HTTP/1.1
2023-04-28 10:12:31 - GET /test.php HTTP/1.1
2023-04-28 10:12:31 - GET /favicon.ico HTTP/1.1
2023-04-28 10:12:50 - GET /test.php HTTP/1.1
2023-04-28 10:12:53 - GET / HTTP/1.1
2023-04-28 10:13:08 - POST /test.php HTTP/1.1
2023-04-28 10:13:32 - GET /test.php HTTP/1.1
2023-04-28 10:15:36 - POST /test.php HTTP/1.1
2023-04-28 10:15:40 - GET /test.php HTTP/1.1
2023-04-28 10:20:12 - POST /test.php HTTP/1.1
2023-04-28 10:23:16 - POST /test.php HTTP/1.1
2023-04-28 10:27:34 - POST /test.php HTTP/1.1
2023-04-28 10:31:58 - POST /test.php HTTP/1.1
2023-04-28 10:37:53 - POST /test.php HTTP/1.1
2023-04-28 10:49:15 - POST /test.php HTTP/1.1
2023-04-28 10:50:28 - POST /test.php HTTP/1.1
2023-04-28 10:55:16 - POST /test.php HTTP/1.1
2023-04-28 10:55:24 - POST / HTTP/1.1
2023-04-28 11:08:31 - GET / HTTP/1.1
2023-04-28 11:09:28 - GET / HTTP/1.1
2023-04-28 11:09:35 - POST /test.php HTTP/1.1
2023-04-28 11:09:40 - GET /test.php HTTP/1.1
2023-04-28 11:09:41 - GET /test.php HTTP/1.1
2023-04-28 11:09:42 - GET /test.php HTTP/1.1
2023-04-28 11:09:43 - GET /test.php HTTP/1.1
2023-04-28 11:09:43 - GET /test.php HTTP/1.1
2023-04-28 11:12:56 - GET /test.php HTTP/1.1
2023-04-28 11:12:58 - GET /test.php HTTP/1.1
2023-04-28 11:13:04 - POST /test.php HTTP/1.1
2023-04-28 11:13:10 - POST / HTTP/1.1
2023-04-28 11:13:14 - GET / HTTP/1.1
2023-04-28 11:13:57 - GET / HTTP/1.1
2023-04-28 11:14:02 - POST /test.php HTTP/1.1
2023-04-28 11:15:27 - POST /test.php HTTP/1.1
2023-04-28 11:15:55 - POST /test.php HTTP/1.1
2023-04-28 11:17:26 - GET / HTTP/1.1
2023-04-28 11:17:35 - POST / HTTP/1.1
2023-04-28 11:20:30 - POST / HTTP/1.1
2023-04-28 11:26:28 - POST / HTTP/1.1
2023-04-28 11:27:37 - POST / HTTP/1.1
2023-04-28 11:28:47 - POST /test.php HTTP/1.1
2023-04-28 11:39:55 - POST /test.php HTTP/1.1
2023-04-28 11:41:08 - POST /test.php HTTP/1.1
2023-04-28 11:42:46 - POST /test.php HTTP/1.1
2023-04-28 11:43:06 - POST / HTTP/1.1
2023-04-28 11:43:10 - POST /test.php HTTP/1.1
2023-04-28 11:45:57 - POST /test.php HTTP/1.1
2023-04-28 11:46:44 - POST /test.php HTTP/1.1
2023-04-28 11:48:29 - POST /test.php HTTP/1.1
2023-04-28 11:50:52 - GET /bad_request.txt HTTP/1.1
2023-04-28 11:51:16 - GET /bad_request.txt HTTP/1.1
2023-04-28 11:53:44 - GET /test.php/bad_request.txt HTTP/1.1
2023-04-28 11:53:49 - GET /test.php HTTP/1.1
2023-04-28 11:54:24 - GET /test.php HTTP/1.1
2023-04-28 11:54:36 - POST /test.php HTTP/1.1
2023-04-28 11:54:39 - POST /test.php HTTP/1.1
2023-04-28 11:54:56 - GET /test.php HTTP/1.1
2023-04-28 11:55:03 - POST /test.php HTTP/1.1
2023-04-28 11:57:36 - GET /pos_data.json HTTP/1.1
2023-04-28 12:02:34 - POST /posttest.php HTTP/1.1
2023-04-28 12:03:39 - POST /posttest.php HTTP/1.1
2023-04-28 12:11:27 - POST / HTTP/1.1
2023-04-28 12:30:25 - GET /test.php HTTP/1.1
2023-04-28 12:31:46 - POST /test.php HTTP/1.1
2023-04-28 12:32:49 - POST /test.php HTTP/1.1
2023-04-28 12:33:10 - POST /test.php HTTP/1.1
2023-04-28 12:34:36 - POST /test.php HTTP/1.1
2023-04-28 12:36:15 - PUT /test.php HTTP/1.1
2023-04-28 12:37:37 - PUT /test.php HTTP/1.1
2023-04-28 12:38:18 - GET /pos_data.json HTTP/1.1
2023-04-28 12:38:27 - GET /test.php HTTP/1.1
2023-04-28 12:41:33 - POST /test_post.php HTTP/1.1
2023-04-28 13:12:28 - POST /test_post.php HTTP/1.1
2023-04-28 13:12:44 - GET / HTTP/1.1
2023-04-28 13:13:09 - POST /test.php HTTP/1.1
2023-04-28 13:13:27 - POST /test_post.php HTTP/1.1
2023-04-28 13:14:23 - POST /test.php HTTP/1.1
2023-04-28 13:14:42 - POST /test_post.php HTTP/1.1
2023-04-28 13:29:12 - POST /test_post.php HTTP/1.1
2023-04-28 13:29:16 - POST /test.php HTTP/1.1
2023-04-28 13:32:00 - GET / HTTP/1.1
2023-04-28 13:33:38 - DELETE /test_delete.php?id=1 HTTP/1.1
2023-04-28 13:33:51 - POST /test_post.php HTTP/1.1
2023-04-28 13:34:11 - PUT /test_put.php HTTP/1.1
2023-04-28 13:36:07 - DELETE /test_delete.php?id=1 HTTP/1.1
2023-04-28 13:46:05 - GET / HTTP/1.1
2023-04-28 13:46:09 - DELETE /test_delete.php?id=1 HTTP/1.1
2023-04-28 13:46:16 - GET / HTTP/1.1
2023-04-28 13:46:22 - DELETE /test_delete.php?id=1 HTTP/1.1
2023-04-28 13:47:27 - GET / HTTP/1.1
2023-04-28 13:47:30 - DELETE /test_delete.php?id=1 HTTP/1.1
2023-04-28 13:49:05 - POST /test_post.php HTTP/1.1
2023-04-28 13:49:49 - POST /test_post.php HTTP/1.1
2023-04-28 13:52:00 - POST /test_post.php HTTP/1.1
2023-04-28 13:53:37 - POST /test_post.php HTTP/1.1
2023-04-28 13:56:55 - POST /test_post.php HTTP/1.1
2023-04-28 13:56:57 - POST /test_post.php HTTP/1.1
2023-04-28 13:57:22 - POST /test_post.php HTTP/1.1
2023-04-28 14:04:50 - GET / HTTP/1.1
2023-04-28 14:04:58 - GET /test_get.php HTTP/1.1
2023-04-28 14:05:05 - GET /test_post.php HTTP/1.1
2023-04-28 14:05:20 - GET /test_put.php HTTP/1.1
2023-04-28 14:05:54 - POST /test_post.php HTTP/1.1
2023-04-28 14:06:24 - POST /test_post.php HTTP/1.1
2023-04-28 14:52:19 - GET /test_put.php HTTP/1.1
2023-04-28 14:52:23 - GET / HTTP/1.1
[2023-04-29 10:29:23.453222] GET /post.php HTTP/1.1
[2023-04-29 10:29:24.679019] GET /favicon.ico HTTP/1.1
[2023-04-29 10:29:28.664510] GET /post.php HTTP/1.1
[2023-04-29 10:29:42.526888] POST /post.php HTTP/1.1
[2023-04-29 10:29:45.772970] POST /post.php HTTP/1.1
[2023-04-29 10:31:02.914099] POST /post.php HTTP/1.1
[2023-04-29 17:17:13.366108] GET /test.php HTTP/1.1
[2023-04-29 17:19:38.732394] GET /post.php HTTP/1.1
[2023-04-29 17:19:57.532146] GET /test.php HTTP/1.1
[2023-04-29 17:31:37.444389] GET /post.php HTTP/1.1
[2023-04-29 17:35:19.678317] GET /post.php HTTP/1.1
[2023-04-29 17:47:17.054193] GET /post.php HTTP/1.1
[2023-04-29 17:49:22.562206] GET /post.php HTTP/1.1
[2023-04-29 17:52:47.405225] GET /post.php HTTP/1.1
[2023-04-29 17:53:47.413833] POST /post.php HTTP/1.1
[2023-04-29 17:54:14.208098] POST /post.php HTTP/1.1
[2023-04-29 17:55:18.415935] POST /post.php HTTP/1.1
[2023-04-29 18:06:18.698183] GET /post.php HTTP/1.1
[2023-04-29 18:06:29.361842] POST /post.php HTTP/1.1
[2023-04-29 18:10:08.353240] POST /post.php HTTP/1.1
[2023-04-29 18:13:45.394294] POST /post.php HTTP/1.1
[2023-04-29 18:13:59.944205] GET /get.php HTTP/1.1
[2023-04-29 18:23:50.933696] GET /http_head_example.txt HTTP/1.1
[2023-12-09 20:02:07.767939] GET / HTTP/1.1
[2023-12-09 20:02:08.224473] GET /favicon.ico HTTP/1.1
[2023-12-09 20:02:15.025817] GET /get.php HTTP/1.1
[2023-12-09 20:06:27.852492] GET /get.php HTTP/1.1
[2023-12-09 20:06:32.770036] GET /get.php HTTP/1.1
[2023-12-09 20:08:00.470991] GET /get.php HTTP/1.1
[2023-12-09 20:08:09.436124] GET /get.php HTTP/1.1
[2023-12-09 20:08:09.796823] GET /favicon.ico HTTP/1.1
[2023-12-09 20:08:20.499067] GET /get.php HTTP/1.1
[2023-12-09 20:08:21.923442] GET /get.php HTTP/1.1
[2023-12-09 20:13:27.129405] GET /get.php HTTP/1.1
[2023-12-09 20:13:33.171367] GET /post.php HTTP/1.1
[2023-12-09 20:14:45.603667] GET /get.php HTTP/1.1
[2023-12-09 20:16:27.392875] GET /get.php HTTP/1.1
[2023-12-09 20:16:53.048501] GET /index.html HTTP/1.1
[2023-12-09 20:18:42.265660] GET /index.html HTTP/1.1
